<?xml version="1.0" encoding="UTF-8"?>
<testsuite name="censusanalyser.CensusAnalyserTest" tests="1" skipped="0" failures="0" errors="0" timestamp="2020-03-14T06:09:56" hostname="nisha-Inspiron-15-3567" time="0.346">
  <properties/>
  <testcase name="givenUSCensusData_shouldReturnCorrectRecords" classname="censusanalyser.CensusAnalyserTest" time="0.346"/>
  <system-out><![CDATA[]]></system-out>
  <system-err><![CDATA[]]></system-err>
</testsuite>
